#
# There is insufficient memory for the Java Runtime Environment to continue.
# Native memory allocation (malloc) failed to allocate 1146576 bytes for Chunk::new
# Possible reasons:
#   The system is out of physical RAM or swap space
#   The process is running with CompressedOops enabled, and the Java Heap may be blocking the growth of the native heap
# Possible solutions:
#   Reduce memory load on the system
#   Increase physical memory or swap space
#   Check if swap backing store is full
#   Decrease Java heap size (-Xmx/-Xms)
#   Decrease number of Java threads
#   Decrease Java thread stack sizes (-Xss)
#   Set larger code cache with -XX:ReservedCodeCacheSize=
#   JVM is running with Unscaled Compressed Oops mode in which the Java heap is
#     placed in the first 4GB address space. The Java Heap base address is the
#     maximum limit for the native heap growth. Please use -XX:HeapBaseMinAddress
#     to set the Java Heap base and to place the Java Heap above 4GB virtual address.
# This output file may be truncated or incomplete.
#
#  Out of Memory Error (allocation.cpp:389), pid=2212, tid=0x0000000000002d60
#
# JRE version: OpenJDK Runtime Environment (8.0) (build 1.8.0-25-microsoft-b00)
# Java VM: OpenJDK 64-Bit Server VM (25.71-b00 mixed mode windows-amd64 compressed oops)
# Failed to write core dump. Minidumps are not enabled by default on client versions of Windows
#

---------------  T H R E A D  ---------------

Current thread (0x000000001510c800):  JavaThread "C2 CompilerThread0" daemon [_thread_in_native, id=11616, stack(0x0000000016770000,0x0000000016870000)]

Stack: [0x0000000016770000,0x0000000016870000]
[error occurred during error reporting (printing stack bounds), id 0xc0000005]

Native frames: (J=compiled Java code, j=interpreted, Vv=VM code, C=native code)


Current CompileTask:
C2:   5043 2852       4       com.android.tools.r8.ir.conversion.o::a (1153 bytes)


---------------  P R O C E S S  ---------------

Java Threads: ( => current thread )
  0x00000000172cf800 JavaThread "ForkJoinPool-1-worker-0" daemon [_thread_in_Java, id=13388, stack(0x00000000179a0000,0x0000000017aa0000)]
  0x00000000172cd000 JavaThread "ForkJoinPool-1-worker-1" daemon [_thread_blocked, id=15068, stack(0x0000000017070000,0x0000000017170000)]
  0x0000000016a9c800 JavaThread "Service Thread" daemon [_thread_blocked, id=7212, stack(0x0000000016e70000,0x0000000016f70000)]
  0x000000001511f800 JavaThread "C1 CompilerThread2" daemon [_thread_in_native, id=11472, stack(0x0000000016970000,0x0000000016a70000)]
  0x000000001510f800 JavaThread "C2 CompilerThread1" daemon [_thread_in_native, id=13424, stack(0x0000000016870000,0x0000000016970000)]
=>0x000000001510c800 JavaThread "C2 CompilerThread0" daemon [_thread_in_native, id=11616, stack(0x0000000016770000,0x0000000016870000)]
  0x000000001510b800 JavaThread "Attach Listener" daemon [_thread_blocked, id=14960, stack(0x0000000016670000,0x0000000016770000)]
  0x0000000015119800 JavaThread "Signal Dispatcher" daemon [_thread_blocked, id=5536, stack(0x0000000016570000,0x0000000016670000)]
  0x0000000002a3d800 JavaThread "Finalizer" daemon [_thread_blocked, id=14356, stack(0x0000000016360000,0x0000000016460000)]
  0x00000000150f9800 JavaThread "Reference Handler" daemon [_thread_blocked, id=3032, stack(0x0000000016260000,0x0000000016360000)]
  0x0000000002943800 JavaThread "main" [_thread_blocked, id=700, stack(0x0000000002760000,0x0000000002860000)]

Other Threads:
  0x00000000150d6800 VMThread [stack: 0x0000000016160000,0x0000000016260000] [id=11284]
  0x0000000016a9d000 WatcherThread [stack: 0x0000000016f70000,0x0000000017070000] [id=12764]

VM state:not at safepoint (normal execution)

VM Mutex/Monitor currently owned by a thread: None

heap address: 0x00000000c0000000, size: 1024 MB, Compressed Oops mode: 32-bit
Narrow klass base: 0x0000000000000000, Narrow klass shift: 3
Compressed class space size: 1073741824 Address: 0x0000000100000000

Heap:
 PSYoungGen      total 138240K, used 45179K [0x00000000eab00000, 0x00000000fea00000, 0x0000000100000000)
  eden space 133120K, 33% used [0x00000000eab00000,0x00000000ed71ee40,0x00000000f2d00000)
  from space 5120K, 0% used [0x00000000f2d00000,0x00000000f2d00000,0x00000000f3200000)
  to   space 30208K, 0% used [0x00000000fcc80000,0x00000000fcc80000,0x00000000fea00000)
 ParOldGen       total 87552K, used 50067K [0x00000000c0000000, 0x00000000c5580000, 0x00000000eab00000)
  object space 87552K, 57% used [0x00000000c0000000,0x00000000c30e4dd0,0x00000000c5580000)
 Metaspace       used 14199K, capacity 15054K, committed 15232K, reserved 1062912K
  class space    used 1844K, capacity 2063K, committed 2176K, reserved 1048576K

Card table byte_map: [0x0000000011e00000,0x0000000012010000] byte_map_base: 0x0000000011800000

Marking Bits: (ParMarkBitMap*) 0x0000000065b58f30
 Begin Bits: [0x0000000012570000, 0x0000000013570000)
 End Bits:   [0x0000000013570000, 0x0000000014570000)

Polling page: 0x0000000000f60000

CodeCache: size=245760Kb used=12413Kb max_used=12413Kb free=233346Kb
 bounds [0x0000000002a40000, 0x0000000003670000, 0x0000000011a40000]
 total_blobs=3700 nmethods=3359 adapters=250
 compilation: enabled

Compilation events (10 events):
Event: 4.962 Thread 0x000000001511f800 nmethod 3331 0x0000000003627690 code [0x00000000036279a0, 0x00000000036283a8]
Event: 4.962 Thread 0x000000001511f800 3325       2       com.android.tools.r8.ir.regalloc.j::a (523 bytes)
Event: 4.966 Thread 0x000000001511f800 nmethod 3325 0x0000000003628d50 code [0x0000000003629140, 0x000000000362a2f8]
Event: 4.966 Thread 0x000000001511f800 3341       2       com.android.tools.r8.s.b.r0::a (72 bytes)
Event: 4.966 Thread 0x000000001511f800 nmethod 3341 0x000000000362bf10 code [0x000000000362c0e0, 0x000000000362c478]
Event: 4.966 Thread 0x000000001511f800 3342       2       com.android.tools.r8.s.b.T::<init> (33 bytes)
Event: 4.967 Thread 0x000000001511f800 nmethod 3342 0x000000000362c750 code [0x000000000362c8c0, 0x000000000362ca68]
Event: 4.967 Thread 0x000000001511f800 3332       2       com.android.tools.r8.s.b.h::a (314 bytes)
Event: 4.969 Thread 0x000000001511f800 nmethod 3332 0x000000000362cb10 code [0x000000000362ce20, 0x000000000362dc18]
Event: 4.969 Thread 0x000000001511f800 3345       2       com.android.tools.r8.s.b.A0::a (15 bytes)

GC Heap History (10 events):
Event: 0.998 GC heap before
{Heap before GC invocations=2 (full 0):
 PSYoungGen      total 38400K, used 38393K [0x00000000eab00000, 0x00000000ef600000, 0x0000000100000000)
  eden space 33280K, 100% used [0x00000000eab00000,0x00000000ecb80000,0x00000000ecb80000)
  from space 5120K, 99% used [0x00000000ecb80000,0x00000000ed07e418,0x00000000ed080000)
  to   space 5120K, 0% used [0x00000000ef100000,0x00000000ef100000,0x00000000ef600000)
 ParOldGen       total 87552K, used 2312K [0x00000000c0000000, 0x00000000c5580000, 0x00000000eab00000)
  object space 87552K, 2% used [0x00000000c0000000,0x00000000c02423b8,0x00000000c5580000)
 Metaspace       used 6436K, capacity 6660K, committed 6784K, reserved 1056768K
  class space    used 772K, capacity 872K, committed 896K, reserved 1048576K
Event: 1.010 GC heap after
Heap after GC invocations=2 (full 0):
 PSYoungGen      total 71680K, used 5118K [0x00000000eab00000, 0x00000000ef600000, 0x0000000100000000)
  eden space 66560K, 0% used [0x00000000eab00000,0x00000000eab00000,0x00000000eec00000)
  from space 5120K, 99% used [0x00000000ef100000,0x00000000ef5ffa10,0x00000000ef600000)
  to   space 5120K, 0% used [0x00000000eec00000,0x00000000eec00000,0x00000000ef100000)
 ParOldGen       total 87552K, used 15278K [0x00000000c0000000, 0x00000000c5580000, 0x00000000eab00000)
  object space 87552K, 17% used [0x00000000c0000000,0x00000000c0eeb9b0,0x00000000c5580000)
 Metaspace       used 6436K, capacity 6660K, committed 6784K, reserved 1056768K
  class space    used 772K, capacity 872K, committed 896K, reserved 1048576K
}
Event: 1.646 GC heap before
{Heap before GC invocations=3 (full 0):
 PSYoungGen      total 71680K, used 71678K [0x00000000eab00000, 0x00000000ef600000, 0x0000000100000000)
  eden space 66560K, 100% used [0x00000000eab00000,0x00000000eec00000,0x00000000eec00000)
  from space 5120K, 99% used [0x00000000ef100000,0x00000000ef5ffa10,0x00000000ef600000)
  to   space 5120K, 0% used [0x00000000eec00000,0x00000000eec00000,0x00000000ef100000)
 ParOldGen       total 87552K, used 15278K [0x00000000c0000000, 0x00000000c5580000, 0x00000000eab00000)
  object space 87552K, 17% used [0x00000000c0000000,0x00000000c0eeb9b0,0x00000000c5580000)
 Metaspace       used 7660K, capacity 8038K, committed 8192K, reserved 1056768K
  class space    used 912K, capacity 1009K, committed 1024K, reserved 1048576K
Event: 1.675 GC heap after
Heap after GC invocations=3 (full 0):
 PSYoungGen      total 71680K, used 5090K [0x00000000eab00000, 0x00000000f3700000, 0x0000000100000000)
  eden space 66560K, 0% used [0x00000000eab00000,0x00000000eab00000,0x00000000eec00000)
  from space 5120K, 99% used [0x00000000eec00000,0x00000000ef0f8900,0x00000000ef100000)
  to   space 5120K, 0% used [0x00000000f3200000,0x00000000f3200000,0x00000000f3700000)
 ParOldGen       total 87552K, used 35083K [0x00000000c0000000, 0x00000000c5580000, 0x00000000eab00000)
  object space 87552K, 40% used [0x00000000c0000000,0x00000000c2242c08,0x00000000c5580000)
 Metaspace       used 7660K, capacity 8038K, committed 8192K, reserved 1056768K
  class space    used 912K, capacity 1009K, committed 1024K, reserved 1048576K
}
Event: 2.061 GC heap before
{Heap before GC invocations=4 (full 0):
 PSYoungGen      total 71680K, used 71650K [0x00000000eab00000, 0x00000000f3700000, 0x0000000100000000)
  eden space 66560K, 100% used [0x00000000eab00000,0x00000000eec00000,0x00000000eec00000)
  from space 5120K, 99% used [0x00000000eec00000,0x00000000ef0f8900,0x00000000ef100000)
  to   space 5120K, 0% used [0x00000000f3200000,0x00000000f3200000,0x00000000f3700000)
 ParOldGen       total 87552K, used 35083K [0x00000000c0000000, 0x00000000c5580000, 0x00000000eab00000)
  object space 87552K, 40% used [0x00000000c0000000,0x00000000c2242c08,0x00000000c5580000)
 Metaspace       used 8247K, capacity 8636K, committed 8832K, reserved 1056768K
  class space    used 993K, capacity 1090K, committed 1152K, reserved 1048576K
Event: 2.140 GC heap after
Heap after GC invocations=4 (full 0):
 PSYoungGen      total 138240K, used 5104K [0x00000000eab00000, 0x00000000f3700000, 0x0000000100000000)
  eden space 133120K, 0% used [0x00000000eab00000,0x00000000eab00000,0x00000000f2d00000)
  from space 5120K, 99% used [0x00000000f3200000,0x00000000f36fc170,0x00000000f3700000)
  to   space 5120K, 0% used [0x00000000f2d00000,0x00000000f2d00000,0x00000000f3200000)
 ParOldGen       total 87552K, used 48728K [0x00000000c0000000, 0x00000000c5580000, 0x00000000eab00000)
  object space 87552K, 55% used [0x00000000c0000000,0x00000000c2f96170,0x00000000c5580000)
 Metaspace       used 8247K, capacity 8636K, committed 8832K, reserved 1056768K
  class space    used 993K, capacity 1090K, committed 1152K, reserved 1048576K
}
Event: 3.632 GC heap before
{Heap before GC invocations=5 (full 0):
 PSYoungGen      total 138240K, used 138224K [0x00000000eab00000, 0x00000000f3700000, 0x0000000100000000)
  eden space 133120K, 100% used [0x00000000eab00000,0x00000000f2d00000,0x00000000f2d00000)
  from space 5120K, 99% used [0x00000000f3200000,0x00000000f36fc170,0x00000000f3700000)
  to   space 5120K, 0% used [0x00000000f2d00000,0x00000000f2d00000,0x00000000f3200000)
 ParOldGen       total 87552K, used 48728K [0x00000000c0000000, 0x00000000c5580000, 0x00000000eab00000)
  object space 87552K, 55% used [0x00000000c0000000,0x00000000c2f96170,0x00000000c5580000)
 Metaspace       used 13369K, capacity 14286K, committed 14464K, reserved 1060864K
  class space    used 1812K, capacity 2063K, committed 2176K, reserved 1048576K
Event: 3.703 GC heap after
Heap after GC invocations=5 (full 0):
 PSYoungGen      total 138240K, used 5088K [0x00000000eab00000, 0x00000000fea00000, 0x0000000100000000)
  eden space 133120K, 0% used [0x00000000eab00000,0x00000000eab00000,0x00000000f2d00000)
  from space 5120K, 99% used [0x00000000f2d00000,0x00000000f31f8020,0x00000000f3200000)
  to   space 30208K, 0% used [0x00000000fcc80000,0x00000000fcc80000,0x00000000fea00000)
 ParOldGen       total 87552K, used 66605K [0x00000000c0000000, 0x00000000c5580000, 0x00000000eab00000)
  object space 87552K, 76% used [0x00000000c0000000,0x00000000c410b5e0,0x00000000c5580000)
 Metaspace       used 13369K, capacity 14286K, committed 14464K, reserved 1060864K
  class space    used 1812K, capacity 2063K, committed 2176K, reserved 1048576K
}
Event: 3.703 GC heap before
{Heap before GC invocations=6 (full 1):
 PSYoungGen      total 138240K, used 5088K [0x00000000eab00000, 0x00000000fea00000, 0x0000000100000000)
  eden space 133120K, 0% used [0x00000000eab00000,0x00000000eab00000,0x00000000f2d00000)
  from space 5120K, 99% used [0x00000000f2d00000,0x00000000f31f8020,0x00000000f3200000)
  to   space 30208K, 0% used [0x00000000fcc80000,0x00000000fcc80000,0x00000000fea00000)
 ParOldGen       total 87552K, used 66605K [0x00000000c0000000, 0x00000000c5580000, 0x00000000eab00000)
  object space 87552K, 76% used [0x00000000c0000000,0x00000000c410b5e0,0x00000000c5580000)
 Metaspace       used 13369K, capacity 14286K, committed 14464K, reserved 1060864K
  class space    used 1812K, capacity 2063K, committed 2176K, reserved 1048576K
Event: 4.139 GC heap after
Heap after GC invocations=6 (full 1):
 PSYoungGen      total 138240K, used 0K [0x00000000eab00000, 0x00000000fea00000, 0x0000000100000000)
  eden space 133120K, 0% used [0x00000000eab00000,0x00000000eab00000,0x00000000f2d00000)
  from space 5120K, 0% used [0x00000000f2d00000,0x00000000f2d00000,0x00000000f3200000)
  to   space 30208K, 0% used [0x00000000fcc80000,0x00000000fcc80000,0x00000000fea00000)
 ParOldGen       total 87552K, used 50067K [0x00000000c0000000, 0x00000000c5580000, 0x00000000eab00000)
  object space 87552K, 57% used [0x00000000c0000000,0x00000000c30e4dd0,0x00000000c5580000)
 Metaspace       used 13310K, capacity 14142K, committed 14464K, reserved 1060864K
  class space    used 1790K, capacity 2025K, committed 2176K, reserved 1048576K
}

Deoptimization events (10 events):
Event: 3.498 Thread 0x00000000172cf800 Uncommon trap: reason=class_check action=maybe_recompile pc=0x0000000003198664 method=com.android.tools.r8.s.b.s1.a(Lcom/android/tools/r8/s/a/p/u;)Lcom/android/tools/r8/s/b/s1; @ 12
Event: 4.153 Thread 0x00000000172cf800 Uncommon trap: reason=bimorphic action=maybe_recompile pc=0x000000000327a138 method=com.android.tools.r8.s.b.s1.a(Lcom/android/tools/r8/s/a/p/u;)Lcom/android/tools/r8/s/b/s1; @ 12
Event: 4.153 Thread 0x00000000172cf800 Uncommon trap: reason=bimorphic action=maybe_recompile pc=0x000000000327a138 method=com.android.tools.r8.s.b.s1.a(Lcom/android/tools/r8/s/a/p/u;)Lcom/android/tools/r8/s/b/s1; @ 12
Event: 4.153 Thread 0x00000000172cf800 Uncommon trap: reason=bimorphic action=maybe_recompile pc=0x000000000327a138 method=com.android.tools.r8.s.b.s1.a(Lcom/android/tools/r8/s/a/p/u;)Lcom/android/tools/r8/s/b/s1; @ 12
Event: 4.153 Thread 0x00000000172cf800 Uncommon trap: reason=bimorphic action=maybe_recompile pc=0x000000000327b02c method=com.android.tools.r8.s.b.s1.a(Lcom/android/tools/r8/s/a/p/u;)Lcom/android/tools/r8/s/b/s1; @ 12
Event: 4.153 Thread 0x00000000172cf800 Uncommon trap: reason=bimorphic action=maybe_recompile pc=0x000000000327a138 method=com.android.tools.r8.s.b.s1.a(Lcom/android/tools/r8/s/a/p/u;)Lcom/android/tools/r8/s/b/s1; @ 12
Event: 4.153 Thread 0x00000000172cf800 Uncommon trap: reason=bimorphic action=maybe_recompile pc=0x00000000032594d4 method=com.android.tools.r8.s.b.s1.a(Lcom/android/tools/r8/s/a/p/u;)Lcom/android/tools/r8/s/b/s1; @ 12
Event: 4.185 Thread 0x00000000172cf800 Uncommon trap: reason=unstable_if action=reinterpret pc=0x000000000317ead8 method=com.android.tools.r8.s.b.s1.b()Z @ 11
Event: 4.767 Thread 0x00000000172cf800 Uncommon trap: reason=unstable_if action=reinterpret pc=0x00000000032eac40 method=com.android.tools.r8.ir.regalloc.h.a(I)I @ 8
Event: 4.917 Thread 0x00000000172cd000 Uncommon trap: reason=unstable_if action=reinterpret pc=0x000000000324bc10 method=com.android.tools.r8.t.a.a.a.f.X.a(ILjava/lang/Object;)Ljava/lang/Object; @ 8

Classes redefined (0 events):
No events

Internal exceptions (10 events):
Event: 0.776 Thread 0x0000000002943800 Implicit null exception at 0x0000000002c0f365 to 0x0000000002c0f9b9
Event: 0.778 Thread 0x0000000002943800 Implicit null exception at 0x0000000002c0dff8 to 0x0000000002c0e4bd
Event: 1.466 Thread 0x00000000172cf800 Implicit null exception at 0x0000000002db71d8 to 0x0000000002db74b1
Event: 1.867 Thread 0x0000000002943800 Exception <a 'java/lang/IncompatibleClassChangeError': Found class java.lang.Object, but interface was expected> (0x00000000ed8898a8) thrown at [D:\j\worksp~1\openjd~3\jdk8u\hotspot\src\share\vm\interpreter\linkResolver.cpp, line 653]
Event: 2.843 Thread 0x00000000172cd000 Implicit null exception at 0x0000000002e272ef to 0x0000000002e27535
Event: 2.843 Thread 0x00000000172cf800 Implicit null exception at 0x0000000002e272ef to 0x0000000002e27535
Event: 2.922 Thread 0x00000000172cf800 Exception <a 'java/lang/NoSuchMethodError': java.lang.Object.b(Lcom/android/tools/r8/graph/p1$b;)Lcom/android/tools/r8/graph/p1$b;> (0x00000000f13cd7c0) thrown at [D:\j\worksp~1\openjd~3\jdk8u\hotspot\src\share\vm\interpreter\linkResolver.cpp, line 620]
Event: 2.985 Thread 0x00000000172cd000 Exception <a 'java/lang/NoSuchMethodError': java.lang.Object.lambda$comparingInt$7b0bb60$1(Ljava/util/function/ToIntFunction;Ljava/lang/Object;Ljava/lang/Object;)I> (0x00000000f121da28) thrown at [D:\j\worksp~1\openjd~3\jdk8u\hotspot\src\share\vm\interpre
Event: 2.989 Thread 0x00000000172cf800 Exception <a 'java/lang/NoSuchMethodError': java.lang.Object.lambda$maxBy$1(Ljava/util/Comparator;Ljava/lang/Object;Ljava/lang/Object;)Ljava/lang/Object;> (0x00000000f14aa0b8) thrown at [D:\j\worksp~1\openjd~3\jdk8u\hotspot\src\share\vm\interpreter\linkRe
Event: 3.361 Thread 0x00000000172cd000 Implicit null exception at 0x000000000302a26c to 0x0000000003032db9

Events (10 events):
Event: 4.951 loading class com/android/tools/r8/code/Y3
Event: 4.951 loading class com/android/tools/r8/code/Y3 done
Event: 4.951 loading class com/android/tools/r8/code/X3
Event: 4.951 loading class com/android/tools/r8/code/X3 done
Event: 4.951 loading class com/android/tools/r8/code/V3
Event: 4.951 loading class com/android/tools/r8/code/V3 done
Event: 4.951 loading class com/android/tools/r8/code/W3
Event: 4.951 loading class com/android/tools/r8/code/W3 done
Event: 4.951 loading class com/android/tools/r8/code/a4
Event: 4.951 loading class com/android/tools/r8/code/a4 done


Dynamic libraries:
0x00007ff698640000 - 0x00007ff698675000 	C:\Program Files\Android\Jdk\microsoft_dist_openjdk_1.8.0.25\bin\java.exe
0x00007ffe0cef0000 - 0x00007ffe0d0e5000 	C:\Windows\SYSTEM32\ntdll.dll
0x00007ffe0cb20000 - 0x00007ffe0cbdd000 	C:\Windows\System32\KERNEL32.DLL
0x00007ffe0a630000 - 0x00007ffe0a8f8000 	C:\Windows\System32\KERNELBASE.dll
0x00007ffe0b1c0000 - 0x00007ffe0b26c000 	C:\Windows\System32\ADVAPI32.dll
0x00007ffe0b740000 - 0x00007ffe0b7de000 	C:\Windows\System32\msvcrt.dll
0x00007ffe0b9a0000 - 0x00007ffe0ba3b000 	C:\Windows\System32\sechost.dll
0x00007ffe0cc60000 - 0x00007ffe0cd8b000 	C:\Windows\System32\RPCRT4.dll
0x00007ffe0b800000 - 0x00007ffe0b9a0000 	C:\Windows\System32\USER32.dll
0x00007ffe0a950000 - 0x00007ffe0a972000 	C:\Windows\System32\win32u.dll
0x00007ffe0c270000 - 0x00007ffe0c29a000 	C:\Windows\System32\GDI32.dll
0x00007ffe0ade0000 - 0x00007ffe0aeeb000 	C:\Windows\System32\gdi32full.dll
0x00007ffe0ac60000 - 0x00007ffe0acfd000 	C:\Windows\System32\msvcp_win.dll
0x00007ffe0a980000 - 0x00007ffe0aa80000 	C:\Windows\System32\ucrtbase.dll
0x00007ffde3810000 - 0x00007ffde3aaa000 	C:\Windows\WinSxS\amd64_microsoft.windows.common-controls_6595b64144ccf1df_6.0.19041.844_none_ca00b6081b84eb1d\COMCTL32.dll
0x00007ffe0b630000 - 0x00007ffe0b660000 	C:\Windows\System32\IMM32.DLL
0x0000000065be0000 - 0x0000000065cb1000 	C:\Program Files\Android\Jdk\microsoft_dist_openjdk_1.8.0.25\jre\bin\msvcr100.dll
0x0000000065390000 - 0x0000000065bd5000 	C:\Program Files\Android\Jdk\microsoft_dist_openjdk_1.8.0.25\jre\bin\server\jvm.dll
0x00007ffe0af50000 - 0x00007ffe0af58000 	C:\Windows\System32\PSAPI.DLL
0x00007ffde5290000 - 0x00007ffde5299000 	C:\Windows\SYSTEM32\WSOCK32.dll
0x00007ffdea9f0000 - 0x00007ffdeaa17000 	C:\Windows\SYSTEM32\WINMM.dll
0x00007ffe01420000 - 0x00007ffe0142a000 	C:\Windows\SYSTEM32\VERSION.dll
0x00007ffe0c020000 - 0x00007ffe0c08b000 	C:\Windows\System32\WS2_32.dll
0x00007ffde51b0000 - 0x00007ffde51bf000 	C:\Program Files\Android\Jdk\microsoft_dist_openjdk_1.8.0.25\jre\bin\verify.dll
0x00007ffddd170000 - 0x00007ffddd199000 	C:\Program Files\Android\Jdk\microsoft_dist_openjdk_1.8.0.25\jre\bin\java.dll
0x00007ffde1c80000 - 0x00007ffde1c96000 	C:\Program Files\Android\Jdk\microsoft_dist_openjdk_1.8.0.25\jre\bin\zip.dll
0x00007ffe0c2a0000 - 0x00007ffe0c9e2000 	C:\Windows\System32\SHELL32.dll
0x00007ffe08760000 - 0x00007ffe08ef0000 	C:\Windows\SYSTEM32\windows.storage.dll
0x00007ffe0b2d0000 - 0x00007ffe0b625000 	C:\Windows\System32\combase.dll
0x00007ffe0a030000 - 0x00007ffe0a05c000 	C:\Windows\SYSTEM32\Wldp.dll
0x00007ffe0cd90000 - 0x00007ffe0ce3e000 	C:\Windows\System32\SHCORE.dll
0x00007ffe0c090000 - 0x00007ffe0c0e5000 	C:\Windows\System32\shlwapi.dll
0x00007ffe0a570000 - 0x00007ffe0a58f000 	C:\Windows\SYSTEM32\profapi.dll
0x00007ffdd5390000 - 0x00007ffdd53aa000 	C:\Program Files\Android\jdk\microsoft_dist_openjdk_1.8.0.25\jre\bin\net.dll
0x00007ffe09d40000 - 0x00007ffe09daa000 	C:\Windows\system32\mswsock.dll
0x00007ffdd5370000 - 0x00007ffdd5381000 	C:\Program Files\Android\jdk\microsoft_dist_openjdk_1.8.0.25\jre\bin\nio.dll

VM Arguments:
jvm_args: -Xmx1G 
java_command: com.android.tools.r8.D8 --debug --min-api 21 --output obj\Debug\110\android\bin\ --lib C:\Program Files (x86)\Android\android-sdk\platforms\android-30\android.jar obj\Debug\110\android\bin\classes.zip C:\Program Files (x86)\Microsoft Visual Studio\2019\Community\Common7\IDE\ReferenceAssemblies\Microsoft\Framework\MonoAndroid\v11.0\mono.android.jar C:\Program Files (x86)\Microsoft Visual Studio\2019\Community\MSBuild\Xamarin\Android\\java_runtime.jar C:\Program Files (x86)\Microsoft\Xamarin\NuGet\xamarin.google.guava.listenablefuture\1.0.0.2\buildTransitive\monoandroid50\guava-listenablefuture.jar C:\Program Files (x86)\Microsoft\Xamarin\NuGet\xamarin.androidx.annotation\1.1.0.8\buildTransitive\monoandroid90\..\..\jar\androidx.annotation.annotation.jar C:\Program Files (x86)\Microsoft\Xamarin\NuGet\xamarin.androidx.collection\1.1.0.6\buildTransitive\monoandroid90\..\..\jar\androidx.collection.collection.jar C:\Program Files (x86)\Microsoft\Xamarin\NuGet\xamarin.androidx.lifecycle.common\2.2.0.4\buildTransitive\monoandroid90\..\..\jar\androidx.lifecycle.lifecycle-common.jar C:\Program Files (x86)\Microsoft\Xamarin\NuGet\xamarin.androidx.arch.core.common\2.1.0.7\buildTransitive\monoandroid90\..\..\jar\androidx.arch.core.core-common.jar obj\Debug\110\lp\0\jl\formsviewgroup.jar obj\Debug\110\lp\49\jl\classes.jar obj\Debug\110\lp\50\jl\classes.jar obj\Debug\110\lp\51\jl\classes.jar obj\Debug\110\lp\52\jl\classes.jar obj\Debug\110\lp\53\jl\classes.jar obj\Debug\110\lp\54\jl\classes.jar obj\Debug\110\lp\55\jl\classes.jar obj\Debug\110\lp\56\jl\classes.jar obj\Debug\110\lp\57\jl\classes.jar obj\Debug\110\lp\58\jl\classes.jar obj\Debug\110\lp\59\jl\classes.jar obj\Debug\110\lp\60\jl\classes.jar obj\Debug\110\lp\61\jl\classes.jar obj\Debug\110\lp\62\jl\classes.jar obj\Debug\110\lp\63\jl\classes.jar obj\Debug\110\lp\64\jl\classes.jar obj\Debug\110\lp\65\jl\classes.jar obj\Debug\110\lp\66\jl\classes.jar obj\Debug\110\lp\67\jl\classes.jar obj\Debug\110\lp\68\jl\cl
java_class_path (initial): C:\Program Files (x86)\Microsoft Visual Studio\2019\Community\MSBuild\Xamarin\Android\r8.jar
Launcher Type: SUN_STANDARD

Environment Variables:
PATH=C:\Program Files\Android\Jdk\microsoft_dist_openjdk_1.8.0.25\bin;C:\Program Files\Microsoft MPI\Bin\;C:\Windows\system32;C:\Windows;C:\Windows\System32\Wbem;C:\Windows\System32\WindowsPowerShell\v1.0\;C:\Windows\System32\OpenSSH\;C:\Program Files (x86)\Microsoft SQL Server\150\DTS\Binn\;C:\Program Files\Microsoft SQL Server\150\DTS\Binn\;C:\Program Files\Microsoft SQL Server\Client SDK\ODBC\170\Tools\Binn\;C:\Program Files (x86)\Microsoft SQL Server\150\Tools\Binn\;C:\Program Files\Microsoft SQL Server\150\Tools\Binn\;C:\Program Files\Azure Data Studio\bin;C:\Program Files\TortoiseSVN\bin;C:\Program Files (x86)\MySQL\MySQL Server 5.0\bin;C:\Program Files\PuTTY\;C:\Users\Wellington Borges\.dnx\bin;C:\Program Files\Microsoft DNX\Dnvm\;C:\Program Files\Microsoft SQL Server\130\Tools\Binn\;C:\Program Files\Git\cmd;C:\Program Files\dotnet\;C:\Program Files (x86)\Microsoft Visual Studio\Common\Tools\WinNT;C:\Program Files (x86)\Microsoft Visual Studio\Common\MSDev98\Bin;C:\Program Files (x86)\Microsoft Visual Studio\Common\Tools;C:\Program Files (x86)\Microsoft Visual Studio\VC98\bin;C:\Users\Wellington Borges\AppData\Local\Microsoft\WindowsApps;;C:\Program Files\Azure Data Studio\bin;C:\Users\Wellington Borges\.dotnet\tools
USERNAME=Wellington Borges
OS=Windows_NT
PROCESSOR_IDENTIFIER=Intel64 Family 6 Model 142 Stepping 9, GenuineIntel



---------------  S Y S T E M  ---------------

OS: Windows 10.0 , 64 bit Build 19041 (10.0.19041.928)

CPU:total 4 (initial active 4) (2 cores per cpu, 2 threads per core) family 6 model 142 stepping 9, cmov, cx8, fxsr, mmx, sse, sse2, sse3, ssse3, sse4.1, sse4.2, popcnt, avx, avx2, aes, clmul, erms, 3dnowpref, lzcnt, ht, tsc, tscinvbit, bmi1, bmi2, adx

Memory: 4k page, physical 8283680k(681192k free), swap 12477984k(10804k free)

vm_info: OpenJDK 64-Bit Server VM (25.71-b00) for windows-amd64 JRE (1.8.0-25-microsoft-b00), built on Feb  7 2019 20:09:14 by "builder" with MS VC++ 10.0 (VS2010)

time: Wed May 26 15:53:11 2021
timezone: Hora oficial do Brasil
elapsed time: 5 seconds (0d 0h 0m 5s)

